<?xml version="1.0" encoding="UTF-8"?>
<testng-results ignored="0" total="1" passed="1" failed="0" skipped="0">
  <reporter-output>
  </reporter-output>
  <suite started-at="2023-05-28T10:44:38 IST" name="Default suite" finished-at="2023-05-28T10:44:52 IST" duration-ms="14814">
    <groups>
    </groups>
    <test started-at="2023-05-28T10:44:38 IST" name="Default test" finished-at="2023-05-28T10:44:52 IST" duration-ms="14814">
      <class name="com.assignment.test.FormFillAssignment">
        <test-method is-config="true" signature="browsersetup()[pri:0, instance:com.assignment.test.FormFillAssignment@49ec71f8]" started-at="2023-05-28T10:44:38 IST" name="browsersetup" finished-at="2023-05-28T10:44:43 IST" duration-ms="5775" status="PASS">
          <reporter-output>
          </reporter-output>
        </test-method> <!-- browsersetup -->
        <test-method signature="logintest()[pri:0, instance:com.assignment.test.FormFillAssignment@49ec71f8]" started-at="2023-05-28T10:44:43 IST" name="logintest" finished-at="2023-05-28T10:44:52 IST" duration-ms="8871" status="PASS">
          <reporter-output>
          </reporter-output>
        </test-method> <!-- logintest -->
        <test-method is-config="true" signature="closebrowser()[pri:0, instance:com.assignment.test.FormFillAssignment@49ec71f8]" started-at="2023-05-28T10:44:52 IST" name="closebrowser" finished-at="2023-05-28T10:44:52 IST" duration-ms="125" status="PASS">
          <reporter-output>
          </reporter-output>
        </test-method> <!-- closebrowser -->
      </class> <!-- com.assignment.test.FormFillAssignment -->
    </test> <!-- Default test -->
  </suite> <!-- Default suite -->
</testng-results>
