<?xml version="1.0" encoding="UTF-8"?>
<testng-results ignored="0" total="1" passed="1" failed="0" skipped="0">
  <reporter-output>
  </reporter-output>
  <suite started-at="2023-06-28T12:39:26 IST" name="Default suite" finished-at="2023-06-28T12:39:33 IST" duration-ms="7815">
    <groups>
    </groups>
    <test started-at="2023-06-28T12:39:26 IST" name="Default test" finished-at="2023-06-28T12:39:33 IST" duration-ms="7815">
      <class name="com.Webmath.TestCase.WebMathTestCase">
        <test-method is-config="true" signature="browsersetup()[pri:0, instance:com.Webmath.TestCase.WebMathTestCase@123ef382]" started-at="2023-06-28T12:39:26 IST" name="browsersetup" finished-at="2023-06-28T12:39:33 IST" duration-ms="7619" status="PASS">
          <reporter-output>
          </reporter-output>
        </test-method> <!-- browsersetup -->
        <test-method signature="logintest()[pri:0, instance:com.Webmath.TestCase.WebMathTestCase@123ef382]" started-at="2023-06-28T12:39:33 IST" name="logintest" finished-at="2023-06-28T12:39:33 IST" duration-ms="47" status="PASS">
          <reporter-output>
          </reporter-output>
        </test-method> <!-- logintest -->
        <test-method is-config="true" signature="closebrowser()[pri:0, instance:com.Webmath.TestCase.WebMathTestCase@123ef382]" started-at="2023-06-28T12:39:33 IST" name="closebrowser" finished-at="2023-06-28T12:39:33 IST" duration-ms="98" status="PASS">
          <reporter-output>
          </reporter-output>
        </test-method> <!-- closebrowser -->
      </class> <!-- com.Webmath.TestCase.WebMathTestCase -->
    </test> <!-- Default test -->
  </suite> <!-- Default suite -->
</testng-results>
